CRITICAL - 2022-06-05 15:22:43 --> password_hash(): Unknown password hashing algorithm: admin
#0 [internal function]: CodeIgniter\Debug\Exceptions->errorHandler(2, 'password_hash()...', 'C:\\laragon\\www\\...', 30, Array)
#1 C:\laragon\www\adminComputo\app\Controllers\LoginController.php(30): password_hash('', 'admin')
#2 C:\laragon\www\adminComputo\system\CodeIgniter.php(832): App\Controllers\LoginController->iniciarSesion()
#3 C:\laragon\www\adminComputo\system\CodeIgniter.php(419): CodeIgniter\CodeIgniter->runController(Object(App\Controllers\LoginController))
#4 C:\laragon\www\adminComputo\system\CodeIgniter.php(326): CodeIgniter\CodeIgniter->handleRequest(NULL, Object(Config\Cache), false)
#5 C:\laragon\www\adminComputo\public\index.php(37): CodeIgniter\CodeIgniter->run()
#6 {main}
CRITICAL - 2022-06-05 16:16:08 --> Invalid file: login/.php
#0 C:\laragon\www\adminComputo\system\View\View.php(198): CodeIgniter\Exceptions\FrameworkException::forInvalidFile('login/.php')
#1 C:\laragon\www\adminComputo\system\Common.php(1089): CodeIgniter\View\View->render('login/', Array, true)
#2 C:\laragon\www\adminComputo\app\Controllers\LoginController.php(17): view('login/')
#3 C:\laragon\www\adminComputo\system\CodeIgniter.php(832): App\Controllers\LoginController->index()
#4 C:\laragon\www\adminComputo\system\CodeIgniter.php(419): CodeIgniter\CodeIgniter->runController(Object(App\Controllers\LoginController))
#5 C:\laragon\www\adminComputo\system\CodeIgniter.php(326): CodeIgniter\CodeIgniter->handleRequest(NULL, Object(Config\Cache), false)
#6 C:\laragon\www\adminComputo\public\index.php(37): CodeIgniter\CodeIgniter->run()
#7 {main}
CRITICAL - 2022-06-05 17:50:51 --> Invalid file: login/.php
#0 C:\laragon\www\adminComputo\system\View\View.php(198): CodeIgniter\Exceptions\FrameworkException::forInvalidFile('login/.php')
#1 C:\laragon\www\adminComputo\system\Common.php(1089): CodeIgniter\View\View->render('login/', Array, true)
#2 C:\laragon\www\adminComputo\app\Controllers\LoginController.php(17): view('login/')
#3 C:\laragon\www\adminComputo\system\CodeIgniter.php(832): App\Controllers\LoginController->index()
#4 C:\laragon\www\adminComputo\system\CodeIgniter.php(419): CodeIgniter\CodeIgniter->runController(Object(App\Controllers\LoginController))
#5 C:\laragon\www\adminComputo\system\CodeIgniter.php(326): CodeIgniter\CodeIgniter->handleRequest(NULL, Object(Config\Cache), false)
#6 C:\laragon\www\adminComputo\public\index.php(37): CodeIgniter\CodeIgniter->run()
#7 {main}
CRITICAL - 2022-06-05 23:59:39 --> Object of class CodeIgniter\Session\Session could not be converted to string
#0 C:\laragon\www\adminComputo\system\View\View.php(210): include()
#1 C:\laragon\www\adminComputo\system\View\View.php(213): CodeIgniter\View\View->CodeIgniter\View\{closure}()
#2 C:\laragon\www\adminComputo\system\Common.php(1089): CodeIgniter\View\View->render('dashboard/index', Array, true)
#3 C:\laragon\www\adminComputo\app\Controllers\Dashboard.php(9): view('dashboard/index')
#4 C:\laragon\www\adminComputo\system\CodeIgniter.php(832): App\Controllers\Dashboard->index()
#5 C:\laragon\www\adminComputo\system\CodeIgniter.php(419): CodeIgniter\CodeIgniter->runController(Object(App\Controllers\Dashboard))
#6 C:\laragon\www\adminComputo\system\CodeIgniter.php(326): CodeIgniter\CodeIgniter->handleRequest(NULL, Object(Config\Cache), false)
#7 C:\laragon\www\adminComputo\public\index.php(37): CodeIgniter\CodeIgniter->run()
#8 {main}
