CRITICAL - 2022-06-22 22:56:42 --> move_uploaded_file(../../public/img/fotos-incidentes/recursosprogramadores.png): failed to open stream: No such file or directory
#0 [internal function]: CodeIgniter\Debug\Exceptions->errorHandler(2, 'move_uploaded_f...', 'C:\\laragon\\www\\...', 54, Array)
#1 C:\laragon\www\adminComputo\app\Controllers\IncidenteController.php(54): move_uploaded_file('C:\\Users\\user\\A...', '../../public/im...')
#2 C:\laragon\www\adminComputo\system\CodeIgniter.php(832): App\Controllers\IncidenteController->addEdit('0')
#3 C:\laragon\www\adminComputo\system\CodeIgniter.php(419): CodeIgniter\CodeIgniter->runController(Object(App\Controllers\IncidenteController))
#4 C:\laragon\www\adminComputo\system\CodeIgniter.php(326): CodeIgniter\CodeIgniter->handleRequest(NULL, Object(Config\Cache), false)
#5 C:\laragon\www\adminComputo\public\index.php(37): CodeIgniter\CodeIgniter->run()
#6 {main}
CRITICAL - 2022-06-22 23:02:18 --> move_uploaded_file(../../public/img/fotos-incidentes/recursosprogramadores.png): failed to open stream: No such file or directory
#0 [internal function]: CodeIgniter\Debug\Exceptions->errorHandler(2, 'move_uploaded_f...', 'C:\\laragon\\www\\...', 57, Array)
#1 C:\laragon\www\adminComputo\app\Controllers\IncidenteController.php(57): move_uploaded_file('C:\\Users\\user\\A...', '../../public/im...')
#2 C:\laragon\www\adminComputo\system\CodeIgniter.php(832): App\Controllers\IncidenteController->addEdit('0')
#3 C:\laragon\www\adminComputo\system\CodeIgniter.php(419): CodeIgniter\CodeIgniter->runController(Object(App\Controllers\IncidenteController))
#4 C:\laragon\www\adminComputo\system\CodeIgniter.php(326): CodeIgniter\CodeIgniter->handleRequest(NULL, Object(Config\Cache), false)
#5 C:\laragon\www\adminComputo\public\index.php(37): CodeIgniter\CodeIgniter->run()
#6 {main}
CRITICAL - 2022-06-22 23:45:40 --> move_uploaded_file(../../public/img/fotos-incidentes/recursosprogramadores.png): failed to open stream: No such file or directory
#0 [internal function]: CodeIgniter\Debug\Exceptions->errorHandler(2, 'move_uploaded_f...', 'C:\\laragon\\www\\...', 57, Array)
#1 C:\laragon\www\adminComputo\app\Controllers\IncidenteController.php(57): move_uploaded_file('C:\\Users\\user\\A...', '../../public/im...')
#2 C:\laragon\www\adminComputo\system\CodeIgniter.php(832): App\Controllers\IncidenteController->addEdit('0')
#3 C:\laragon\www\adminComputo\system\CodeIgniter.php(419): CodeIgniter\CodeIgniter->runController(Object(App\Controllers\IncidenteController))
#4 C:\laragon\www\adminComputo\system\CodeIgniter.php(326): CodeIgniter\CodeIgniter->handleRequest(NULL, Object(Config\Cache), false)
#5 C:\laragon\www\adminComputo\public\index.php(37): CodeIgniter\CodeIgniter->run()
#6 {main}
