CRITICAL - 2022-06-24 00:04:37 --> Undefined index: foto_resolucion
#0 C:\laragon\www\adminComputo\app\Controllers\IncidenteController.php(76): CodeIgniter\Debug\Exceptions->errorHandler(8, 'Undefined index...', 'C:\\laragon\\www\\...', 76, Array)
#1 C:\laragon\www\adminComputo\system\CodeIgniter.php(832): App\Controllers\IncidenteController->addEdit('9')
#2 C:\laragon\www\adminComputo\system\CodeIgniter.php(419): CodeIgniter\CodeIgniter->runController(Object(App\Controllers\IncidenteController))
#3 C:\laragon\www\adminComputo\system\CodeIgniter.php(326): CodeIgniter\CodeIgniter->handleRequest(NULL, Object(Config\Cache), false)
#4 C:\laragon\www\adminComputo\public\index.php(37): CodeIgniter\CodeIgniter->run()
#5 {main}
ERROR - 2022-06-24 00:13:35 --> Cannot add or update a child row: a foreign key constraint fails (`admincomputo`.`tbl_incidente`, CONSTRAINT `fk_incidente_estado_incidente` FOREIGN KEY (`id_estado_incidente`) REFERENCES `tbl_estado_incidente` (`id`))
CRITICAL - 2022-06-24 00:13:35 --> Cannot add or update a child row: a foreign key constraint fails (`admincomputo`.`tbl_incidente`, CONSTRAINT `fk_incidente_estado_incidente` FOREIGN KEY (`id_estado_incidente`) REFERENCES `tbl_estado_incidente` (`id`))
#0 C:\laragon\www\adminComputo\system\Database\MySQLi\Connection.php(292): mysqli->query('INSERT INTO `tb...', 0)
#1 C:\laragon\www\adminComputo\system\Database\BaseConnection.php(670): CodeIgniter\Database\MySQLi\Connection->execute('INSERT INTO `tb...')
#2 C:\laragon\www\adminComputo\system\Database\BaseConnection.php(598): CodeIgniter\Database\BaseConnection->simpleQuery('INSERT INTO `tb...')
#3 C:\laragon\www\adminComputo\system\Database\BaseBuilder.php(1771): CodeIgniter\Database\BaseConnection->query('INSERT INTO `tb...', Array, false)
#4 C:\laragon\www\adminComputo\system\Model.php(239): CodeIgniter\Database\BaseBuilder->insert()
#5 C:\laragon\www\adminComputo\system\BaseModel.php(738): CodeIgniter\Model->doInsert(Array)
#6 C:\laragon\www\adminComputo\system\Model.php(625): CodeIgniter\BaseModel->insert(Array, false)
#7 C:\laragon\www\adminComputo\system\BaseModel.php(658): CodeIgniter\Model->insert(Array, false)
#8 C:\laragon\www\adminComputo\app\Controllers\IncidenteController.php(87): CodeIgniter\BaseModel->save(Array)
#9 C:\laragon\www\adminComputo\system\CodeIgniter.php(832): App\Controllers\IncidenteController->addEdit('9')
#10 C:\laragon\www\adminComputo\system\CodeIgniter.php(419): CodeIgniter\CodeIgniter->runController(Object(App\Controllers\IncidenteController))
#11 C:\laragon\www\adminComputo\system\CodeIgniter.php(326): CodeIgniter\CodeIgniter->handleRequest(NULL, Object(Config\Cache), false)
#12 C:\laragon\www\adminComputo\public\index.php(37): CodeIgniter\CodeIgniter->run()
#13 {main}
CRITICAL - 2022-06-24 00:33:19 --> Undefined index: imagen_resolucion
#0 C:\laragon\www\adminComputo\app\Controllers\IncidenteController.php(76): CodeIgniter\Debug\Exceptions->errorHandler(8, 'Undefined index...', 'C:\\laragon\\www\\...', 76, Array)
#1 C:\laragon\www\adminComputo\system\CodeIgniter.php(832): App\Controllers\IncidenteController->addEdit('9')
#2 C:\laragon\www\adminComputo\system\CodeIgniter.php(419): CodeIgniter\CodeIgniter->runController(Object(App\Controllers\IncidenteController))
#3 C:\laragon\www\adminComputo\system\CodeIgniter.php(326): CodeIgniter\CodeIgniter->handleRequest(NULL, Object(Config\Cache), false)
#4 C:\laragon\www\adminComputo\public\index.php(37): CodeIgniter\CodeIgniter->run()
#5 {main}
CRITICAL - 2022-06-24 00:33:52 --> Undefined index: descripcion
#0 C:\laragon\www\adminComputo\app\Controllers\IncidenteController.php(82): CodeIgniter\Debug\Exceptions->errorHandler(8, 'Undefined index...', 'C:\\laragon\\www\\...', 82, Array)
#1 C:\laragon\www\adminComputo\system\CodeIgniter.php(832): App\Controllers\IncidenteController->addEdit('9')
#2 C:\laragon\www\adminComputo\system\CodeIgniter.php(419): CodeIgniter\CodeIgniter->runController(Object(App\Controllers\IncidenteController))
#3 C:\laragon\www\adminComputo\system\CodeIgniter.php(326): CodeIgniter\CodeIgniter->handleRequest(NULL, Object(Config\Cache), false)
#4 C:\laragon\www\adminComputo\public\index.php(37): CodeIgniter\CodeIgniter->run()
#5 {main}
CRITICAL - 2022-06-24 00:34:45 --> Undefined index: descripcion
#0 C:\laragon\www\adminComputo\app\Controllers\IncidenteController.php(82): CodeIgniter\Debug\Exceptions->errorHandler(8, 'Undefined index...', 'C:\\laragon\\www\\...', 82, Array)
#1 C:\laragon\www\adminComputo\system\CodeIgniter.php(832): App\Controllers\IncidenteController->addEdit('9')
#2 C:\laragon\www\adminComputo\system\CodeIgniter.php(419): CodeIgniter\CodeIgniter->runController(Object(App\Controllers\IncidenteController))
#3 C:\laragon\www\adminComputo\system\CodeIgniter.php(326): CodeIgniter\CodeIgniter->handleRequest(NULL, Object(Config\Cache), false)
#4 C:\laragon\www\adminComputo\public\index.php(37): CodeIgniter\CodeIgniter->run()
#5 {main}
