CRITICAL - 2022-06-14 12:55:33 --> Typed property App\Controllers\CentroComputoController::$model must be an instance of App\Models\CentroComputoModel, string used
#0 C:\laragon\www\adminComputo\system\CodeIgniter.php(809): App\Controllers\CentroComputoController->__construct()
#1 C:\laragon\www\adminComputo\system\CodeIgniter.php(410): CodeIgniter\CodeIgniter->createController()
#2 C:\laragon\www\adminComputo\system\CodeIgniter.php(326): CodeIgniter\CodeIgniter->handleRequest(NULL, Object(Config\Cache), false)
#3 C:\laragon\www\adminComputo\public\index.php(37): CodeIgniter\CodeIgniter->run()
#4 {main}
CRITICAL - 2022-06-14 12:56:11 --> Typed property App\Controllers\CentroComputoController::$model must be an instance of App\Models\CentroComputoModel, string used
#0 C:\laragon\www\adminComputo\system\CodeIgniter.php(809): App\Controllers\CentroComputoController->__construct()
#1 C:\laragon\www\adminComputo\system\CodeIgniter.php(410): CodeIgniter\CodeIgniter->createController()
#2 C:\laragon\www\adminComputo\system\CodeIgniter.php(326): CodeIgniter\CodeIgniter->handleRequest(NULL, Object(Config\Cache), false)
#3 C:\laragon\www\adminComputo\public\index.php(37): CodeIgniter\CodeIgniter->run()
#4 {main}
CRITICAL - 2022-06-14 12:58:12 --> Invalid file: centro-computo/addEdit.php
#0 C:\laragon\www\adminComputo\system\View\View.php(198): CodeIgniter\Exceptions\FrameworkException::forInvalidFile('centro-computo/...')
#1 C:\laragon\www\adminComputo\system\Common.php(1089): CodeIgniter\View\View->render('centro-computo/...', Array, true)
#2 C:\laragon\www\adminComputo\app\Controllers\CentroComputoController.php(45): view('centro-computo/...', Array)
#3 C:\laragon\www\adminComputo\system\CodeIgniter.php(832): App\Controllers\CentroComputoController->addEdit('0')
#4 C:\laragon\www\adminComputo\system\CodeIgniter.php(419): CodeIgniter\CodeIgniter->runController(Object(App\Controllers\CentroComputoController))
#5 C:\laragon\www\adminComputo\system\CodeIgniter.php(326): CodeIgniter\CodeIgniter->handleRequest(NULL, Object(Config\Cache), false)
#6 C:\laragon\www\adminComputo\public\index.php(37): CodeIgniter\CodeIgniter->run()
#7 {main}
CRITICAL - 2022-06-14 13:06:57 --> Invalid file: centro-computo/addEdit.php
#0 C:\laragon\www\adminComputo\system\View\View.php(198): CodeIgniter\Exceptions\FrameworkException::forInvalidFile('centro-computo/...')
#1 C:\laragon\www\adminComputo\system\Common.php(1089): CodeIgniter\View\View->render('centro-computo/...', Array, true)
#2 C:\laragon\www\adminComputo\app\Controllers\CentroComputoController.php(45): view('centro-computo/...', Array)
#3 C:\laragon\www\adminComputo\system\CodeIgniter.php(832): App\Controllers\CentroComputoController->addEdit('0')
#4 C:\laragon\www\adminComputo\system\CodeIgniter.php(419): CodeIgniter\CodeIgniter->runController(Object(App\Controllers\CentroComputoController))
#5 C:\laragon\www\adminComputo\system\CodeIgniter.php(326): CodeIgniter\CodeIgniter->handleRequest(NULL, Object(Config\Cache), false)
#6 C:\laragon\www\adminComputo\public\index.php(37): CodeIgniter\CodeIgniter->run()
#7 {main}
CRITICAL - 2022-06-14 13:06:59 --> Invalid file: centro-computo/addEdit.php
#0 C:\laragon\www\adminComputo\system\View\View.php(198): CodeIgniter\Exceptions\FrameworkException::forInvalidFile('centro-computo/...')
#1 C:\laragon\www\adminComputo\system\Common.php(1089): CodeIgniter\View\View->render('centro-computo/...', Array, true)
#2 C:\laragon\www\adminComputo\app\Controllers\CentroComputoController.php(45): view('centro-computo/...', Array)
#3 C:\laragon\www\adminComputo\system\CodeIgniter.php(832): App\Controllers\CentroComputoController->addEdit('0')
#4 C:\laragon\www\adminComputo\system\CodeIgniter.php(419): CodeIgniter\CodeIgniter->runController(Object(App\Controllers\CentroComputoController))
#5 C:\laragon\www\adminComputo\system\CodeIgniter.php(326): CodeIgniter\CodeIgniter->handleRequest(NULL, Object(Config\Cache), false)
#6 C:\laragon\www\adminComputo\public\index.php(37): CodeIgniter\CodeIgniter->run()
#7 {main}
CRITICAL - 2022-06-14 13:07:01 --> Invalid file: centro-computo/index.php
#0 C:\laragon\www\adminComputo\system\View\View.php(198): CodeIgniter\Exceptions\FrameworkException::forInvalidFile('centro-computo/...')
#1 C:\laragon\www\adminComputo\system\Common.php(1089): CodeIgniter\View\View->render('centro-computo/...', Array, true)
#2 C:\laragon\www\adminComputo\app\Controllers\CentroComputoController.php(16): view('centro-computo/...')
#3 C:\laragon\www\adminComputo\system\CodeIgniter.php(832): App\Controllers\CentroComputoController->index()
#4 C:\laragon\www\adminComputo\system\CodeIgniter.php(419): CodeIgniter\CodeIgniter->runController(Object(App\Controllers\CentroComputoController))
#5 C:\laragon\www\adminComputo\system\CodeIgniter.php(326): CodeIgniter\CodeIgniter->handleRequest(NULL, Object(Config\Cache), false)
#6 C:\laragon\www\adminComputo\public\index.php(37): CodeIgniter\CodeIgniter->run()
#7 {main}
CRITICAL - 2022-06-14 21:14:28 --> Invalid argument supplied for foreach()
#0 C:\laragon\www\adminComputo\app\Views\centrocomputo\addEdit.php(189): CodeIgniter\Debug\Exceptions->errorHandler(2, 'Invalid argumen...', 'C:\\laragon\\www\\...', 189, Array)
#1 C:\laragon\www\adminComputo\system\View\View.php(210): include('C:\\laragon\\www\\...')
#2 C:\laragon\www\adminComputo\system\View\View.php(213): CodeIgniter\View\View->CodeIgniter\View\{closure}()
#3 C:\laragon\www\adminComputo\system\Common.php(1089): CodeIgniter\View\View->render('centrocomputo/a...', Array, true)
#4 C:\laragon\www\adminComputo\app\Controllers\CentroComputoController.php(49): view('centrocomputo/a...', Array)
#5 C:\laragon\www\adminComputo\system\CodeIgniter.php(832): App\Controllers\CentroComputoController->addEdit('0')
#6 C:\laragon\www\adminComputo\system\CodeIgniter.php(419): CodeIgniter\CodeIgniter->runController(Object(App\Controllers\CentroComputoController))
#7 C:\laragon\www\adminComputo\system\CodeIgniter.php(326): CodeIgniter\CodeIgniter->handleRequest(NULL, Object(Config\Cache), false)
#8 C:\laragon\www\adminComputo\public\index.php(37): CodeIgniter\CodeIgniter->run()
#9 {main}
CRITICAL - 2022-06-14 21:21:47 --> Invalid argument supplied for foreach()
#0 C:\laragon\www\adminComputo\app\Views\centrocomputo\addEdit.php(189): CodeIgniter\Debug\Exceptions->errorHandler(2, 'Invalid argumen...', 'C:\\laragon\\www\\...', 189, Array)
#1 C:\laragon\www\adminComputo\system\View\View.php(210): include('C:\\laragon\\www\\...')
#2 C:\laragon\www\adminComputo\system\View\View.php(213): CodeIgniter\View\View->CodeIgniter\View\{closure}()
#3 C:\laragon\www\adminComputo\system\Common.php(1089): CodeIgniter\View\View->render('centrocomputo/a...', Array, true)
#4 C:\laragon\www\adminComputo\app\Controllers\CentroComputoController.php(49): view('centrocomputo/a...', Array)
#5 C:\laragon\www\adminComputo\system\CodeIgniter.php(832): App\Controllers\CentroComputoController->addEdit('0')
#6 C:\laragon\www\adminComputo\system\CodeIgniter.php(419): CodeIgniter\CodeIgniter->runController(Object(App\Controllers\CentroComputoController))
#7 C:\laragon\www\adminComputo\system\CodeIgniter.php(326): CodeIgniter\CodeIgniter->handleRequest(NULL, Object(Config\Cache), false)
#8 C:\laragon\www\adminComputo\public\index.php(37): CodeIgniter\CodeIgniter->run()
#9 {main}
CRITICAL - 2022-06-14 21:21:51 --> Invalid argument supplied for foreach()
#0 C:\laragon\www\adminComputo\app\Views\centrocomputo\addEdit.php(189): CodeIgniter\Debug\Exceptions->errorHandler(2, 'Invalid argumen...', 'C:\\laragon\\www\\...', 189, Array)
#1 C:\laragon\www\adminComputo\system\View\View.php(210): include('C:\\laragon\\www\\...')
#2 C:\laragon\www\adminComputo\system\View\View.php(213): CodeIgniter\View\View->CodeIgniter\View\{closure}()
#3 C:\laragon\www\adminComputo\system\Common.php(1089): CodeIgniter\View\View->render('centrocomputo/a...', Array, true)
#4 C:\laragon\www\adminComputo\app\Controllers\CentroComputoController.php(49): view('centrocomputo/a...', Array)
#5 C:\laragon\www\adminComputo\system\CodeIgniter.php(832): App\Controllers\CentroComputoController->addEdit('0')
#6 C:\laragon\www\adminComputo\system\CodeIgniter.php(419): CodeIgniter\CodeIgniter->runController(Object(App\Controllers\CentroComputoController))
#7 C:\laragon\www\adminComputo\system\CodeIgniter.php(326): CodeIgniter\CodeIgniter->handleRequest(NULL, Object(Config\Cache), false)
#8 C:\laragon\www\adminComputo\public\index.php(37): CodeIgniter\CodeIgniter->run()
#9 {main}
CRITICAL - 2022-06-14 21:24:45 --> Undefined variable: hasValidationErrors
#0 C:\laragon\www\adminComputo\app\Views\centrocomputo\addEdit.php(145): CodeIgniter\Debug\Exceptions->errorHandler(8, 'Undefined varia...', 'C:\\laragon\\www\\...', 145, Array)
#1 C:\laragon\www\adminComputo\system\View\View.php(210): include('C:\\laragon\\www\\...')
#2 C:\laragon\www\adminComputo\system\View\View.php(213): CodeIgniter\View\View->CodeIgniter\View\{closure}()
#3 C:\laragon\www\adminComputo\system\Common.php(1089): CodeIgniter\View\View->render('centrocomputo/a...', Array, true)
#4 C:\laragon\www\adminComputo\app\Controllers\CentroComputoController.php(49): view('centrocomputo/a...', Array)
#5 C:\laragon\www\adminComputo\system\CodeIgniter.php(832): App\Controllers\CentroComputoController->addEdit('0')
#6 C:\laragon\www\adminComputo\system\CodeIgniter.php(419): CodeIgniter\CodeIgniter->runController(Object(App\Controllers\CentroComputoController))
#7 C:\laragon\www\adminComputo\system\CodeIgniter.php(326): CodeIgniter\CodeIgniter->handleRequest(NULL, Object(Config\Cache), false)
#8 C:\laragon\www\adminComputo\public\index.php(37): CodeIgniter\CodeIgniter->run()
#9 {main}
CRITICAL - 2022-06-14 21:30:19 --> Undefined variable: hasValidationErrors
#0 C:\laragon\www\adminComputo\app\Views\centrocomputo\addEdit.php(145): CodeIgniter\Debug\Exceptions->errorHandler(8, 'Undefined varia...', 'C:\\laragon\\www\\...', 145, Array)
#1 C:\laragon\www\adminComputo\system\View\View.php(210): include('C:\\laragon\\www\\...')
#2 C:\laragon\www\adminComputo\system\View\View.php(213): CodeIgniter\View\View->CodeIgniter\View\{closure}()
#3 C:\laragon\www\adminComputo\system\Common.php(1089): CodeIgniter\View\View->render('centrocomputo/a...', Array, true)
#4 C:\laragon\www\adminComputo\app\Controllers\CentroComputoController.php(49): view('centrocomputo/a...', Array)
#5 C:\laragon\www\adminComputo\system\CodeIgniter.php(832): App\Controllers\CentroComputoController->addEdit('0')
#6 C:\laragon\www\adminComputo\system\CodeIgniter.php(419): CodeIgniter\CodeIgniter->runController(Object(App\Controllers\CentroComputoController))
#7 C:\laragon\www\adminComputo\system\CodeIgniter.php(326): CodeIgniter\CodeIgniter->handleRequest(NULL, Object(Config\Cache), false)
#8 C:\laragon\www\adminComputo\public\index.php(37): CodeIgniter\CodeIgniter->run()
#9 {main}
CRITICAL - 2022-06-14 21:30:21 --> Undefined variable: hasValidationErrors
#0 C:\laragon\www\adminComputo\app\Views\centrocomputo\addEdit.php(145): CodeIgniter\Debug\Exceptions->errorHandler(8, 'Undefined varia...', 'C:\\laragon\\www\\...', 145, Array)
#1 C:\laragon\www\adminComputo\system\View\View.php(210): include('C:\\laragon\\www\\...')
#2 C:\laragon\www\adminComputo\system\View\View.php(213): CodeIgniter\View\View->CodeIgniter\View\{closure}()
#3 C:\laragon\www\adminComputo\system\Common.php(1089): CodeIgniter\View\View->render('centrocomputo/a...', Array, true)
#4 C:\laragon\www\adminComputo\app\Controllers\CentroComputoController.php(49): view('centrocomputo/a...', Array)
#5 C:\laragon\www\adminComputo\system\CodeIgniter.php(832): App\Controllers\CentroComputoController->addEdit('0')
#6 C:\laragon\www\adminComputo\system\CodeIgniter.php(419): CodeIgniter\CodeIgniter->runController(Object(App\Controllers\CentroComputoController))
#7 C:\laragon\www\adminComputo\system\CodeIgniter.php(326): CodeIgniter\CodeIgniter->handleRequest(NULL, Object(Config\Cache), false)
#8 C:\laragon\www\adminComputo\public\index.php(37): CodeIgniter\CodeIgniter->run()
#9 {main}
CRITICAL - 2022-06-14 21:31:11 --> Undefined variable: estados
#0 C:\laragon\www\adminComputo\app\Views\centrocomputo\addEdit.php(189): CodeIgniter\Debug\Exceptions->errorHandler(8, 'Undefined varia...', 'C:\\laragon\\www\\...', 189, Array)
#1 C:\laragon\www\adminComputo\system\View\View.php(210): include('C:\\laragon\\www\\...')
#2 C:\laragon\www\adminComputo\system\View\View.php(213): CodeIgniter\View\View->CodeIgniter\View\{closure}()
#3 C:\laragon\www\adminComputo\system\Common.php(1089): CodeIgniter\View\View->render('centrocomputo/a...', Array, true)
#4 C:\laragon\www\adminComputo\app\Controllers\CentroComputoController.php(50): view('centrocomputo/a...', Array)
#5 C:\laragon\www\adminComputo\system\CodeIgniter.php(832): App\Controllers\CentroComputoController->addEdit('0')
#6 C:\laragon\www\adminComputo\system\CodeIgniter.php(419): CodeIgniter\CodeIgniter->runController(Object(App\Controllers\CentroComputoController))
#7 C:\laragon\www\adminComputo\system\CodeIgniter.php(326): CodeIgniter\CodeIgniter->handleRequest(NULL, Object(Config\Cache), false)
#8 C:\laragon\www\adminComputo\public\index.php(37): CodeIgniter\CodeIgniter->run()
#9 {main}
CRITICAL - 2022-06-14 21:34:43 --> Undefined variable: hasValidationErrors
#0 C:\laragon\www\adminComputo\app\Views\centrocomputo\addEdit.php(145): CodeIgniter\Debug\Exceptions->errorHandler(8, 'Undefined varia...', 'C:\\laragon\\www\\...', 145, Array)
#1 C:\laragon\www\adminComputo\system\View\View.php(210): include('C:\\laragon\\www\\...')
#2 C:\laragon\www\adminComputo\system\View\View.php(213): CodeIgniter\View\View->CodeIgniter\View\{closure}()
#3 C:\laragon\www\adminComputo\system\Common.php(1089): CodeIgniter\View\View->render('centrocomputo/a...', Array, true)
#4 C:\laragon\www\adminComputo\app\Controllers\CentroComputoController.php(50): view('centrocomputo/a...', Array)
#5 C:\laragon\www\adminComputo\system\CodeIgniter.php(832): App\Controllers\CentroComputoController->addEdit('0')
#6 C:\laragon\www\adminComputo\system\CodeIgniter.php(419): CodeIgniter\CodeIgniter->runController(Object(App\Controllers\CentroComputoController))
#7 C:\laragon\www\adminComputo\system\CodeIgniter.php(326): CodeIgniter\CodeIgniter->handleRequest(NULL, Object(Config\Cache), false)
#8 C:\laragon\www\adminComputo\public\index.php(37): CodeIgniter\CodeIgniter->run()
#9 {main}
CRITICAL - 2022-06-14 21:35:30 --> Undefined offset: 0
#0 C:\laragon\www\adminComputo\app\Views\centrocomputo\addEdit.php(190): CodeIgniter\Debug\Exceptions->errorHandler(8, 'Undefined offse...', 'C:\\laragon\\www\\...', 190, Array)
#1 C:\laragon\www\adminComputo\system\View\View.php(210): include('C:\\laragon\\www\\...')
#2 C:\laragon\www\adminComputo\system\View\View.php(213): CodeIgniter\View\View->CodeIgniter\View\{closure}()
#3 C:\laragon\www\adminComputo\system\Common.php(1089): CodeIgniter\View\View->render('centrocomputo/a...', Array, true)
#4 C:\laragon\www\adminComputo\app\Controllers\CentroComputoController.php(51): view('centrocomputo/a...', Array)
#5 C:\laragon\www\adminComputo\system\CodeIgniter.php(832): App\Controllers\CentroComputoController->addEdit('0')
#6 C:\laragon\www\adminComputo\system\CodeIgniter.php(419): CodeIgniter\CodeIgniter->runController(Object(App\Controllers\CentroComputoController))
#7 C:\laragon\www\adminComputo\system\CodeIgniter.php(326): CodeIgniter\CodeIgniter->handleRequest(NULL, Object(Config\Cache), false)
#8 C:\laragon\www\adminComputo\public\index.php(37): CodeIgniter\CodeIgniter->run()
#9 {main}
