CRITICAL - 2022-06-09 18:41:16 --> syntax error, unexpected ')'
#0 C:\laragon\www\adminComputo\system\Autoloader\Autoloader.php(241): CodeIgniter\Autoloader\Autoloader->includeFile('C:\\laragon\\www\\...')
#1 C:\laragon\www\adminComputo\system\Autoloader\Autoloader.php(219): CodeIgniter\Autoloader\Autoloader->loadInNamespace('App\\Controllers...')
#2 [internal function]: CodeIgniter\Autoloader\Autoloader->loadClass('App\\Controllers...')
#3 [internal function]: spl_autoload_call('App\\Controllers...')
#4 C:\laragon\www\adminComputo\system\CodeIgniter.php(797): class_exists('\\App\\Controller...', true)
#5 C:\laragon\www\adminComputo\system\CodeIgniter.php(406): CodeIgniter\CodeIgniter->startController()
#6 C:\laragon\www\adminComputo\system\CodeIgniter.php(326): CodeIgniter\CodeIgniter->handleRequest(NULL, Object(Config\Cache), false)
#7 C:\laragon\www\adminComputo\public\index.php(37): CodeIgniter\CodeIgniter->run()
#8 {main}
CRITICAL - 2022-06-09 23:29:38 --> Call to undefined method CodeIgniter\View\View::session()
#0 C:\laragon\www\adminComputo\system\View\View.php(210): include()
#1 C:\laragon\www\adminComputo\system\View\View.php(213): CodeIgniter\View\View->CodeIgniter\View\{closure}()
#2 C:\laragon\www\adminComputo\system\Common.php(1089): CodeIgniter\View\View->render('dashboard/index', Array, true)
#3 C:\laragon\www\adminComputo\app\Controllers\Dashboard.php(13): view('dashboard/index')
#4 C:\laragon\www\adminComputo\system\CodeIgniter.php(832): App\Controllers\Dashboard->index()
#5 C:\laragon\www\adminComputo\system\CodeIgniter.php(419): CodeIgniter\CodeIgniter->runController(Object(App\Controllers\Dashboard))
#6 C:\laragon\www\adminComputo\system\CodeIgniter.php(326): CodeIgniter\CodeIgniter->handleRequest(NULL, Object(Config\Cache), false)
#7 C:\laragon\www\adminComputo\public\index.php(37): CodeIgniter\CodeIgniter->run()
#8 {main}
CRITICAL - 2022-06-09 23:29:49 --> Call to undefined method CodeIgniter\View\View::session()
#0 C:\laragon\www\adminComputo\system\View\View.php(210): include()
#1 C:\laragon\www\adminComputo\system\View\View.php(213): CodeIgniter\View\View->CodeIgniter\View\{closure}()
#2 C:\laragon\www\adminComputo\system\Common.php(1089): CodeIgniter\View\View->render('dashboard/index', Array, true)
#3 C:\laragon\www\adminComputo\app\Controllers\Dashboard.php(13): view('dashboard/index')
#4 C:\laragon\www\adminComputo\system\CodeIgniter.php(832): App\Controllers\Dashboard->index()
#5 C:\laragon\www\adminComputo\system\CodeIgniter.php(419): CodeIgniter\CodeIgniter->runController(Object(App\Controllers\Dashboard))
#6 C:\laragon\www\adminComputo\system\CodeIgniter.php(326): CodeIgniter\CodeIgniter->handleRequest(NULL, Object(Config\Cache), false)
#7 C:\laragon\www\adminComputo\public\index.php(37): CodeIgniter\CodeIgniter->run()
#8 {main}
CRITICAL - 2022-06-09 23:29:55 --> Call to undefined method CodeIgniter\View\View::session()
#0 C:\laragon\www\adminComputo\system\View\View.php(210): include()
#1 C:\laragon\www\adminComputo\system\View\View.php(213): CodeIgniter\View\View->CodeIgniter\View\{closure}()
#2 C:\laragon\www\adminComputo\system\Common.php(1089): CodeIgniter\View\View->render('dashboard/index', Array, true)
#3 C:\laragon\www\adminComputo\app\Controllers\Dashboard.php(13): view('dashboard/index')
#4 C:\laragon\www\adminComputo\system\CodeIgniter.php(832): App\Controllers\Dashboard->index()
#5 C:\laragon\www\adminComputo\system\CodeIgniter.php(419): CodeIgniter\CodeIgniter->runController(Object(App\Controllers\Dashboard))
#6 C:\laragon\www\adminComputo\system\CodeIgniter.php(326): CodeIgniter\CodeIgniter->handleRequest(NULL, Object(Config\Cache), false)
#7 C:\laragon\www\adminComputo\public\index.php(37): CodeIgniter\CodeIgniter->run()
#8 {main}
CRITICAL - 2022-06-09 23:52:35 --> Call to undefined method CodeIgniter\View\View::session()
#0 C:\laragon\www\adminComputo\system\View\View.php(210): include()
#1 C:\laragon\www\adminComputo\system\View\View.php(213): CodeIgniter\View\View->CodeIgniter\View\{closure}()
#2 C:\laragon\www\adminComputo\system\Common.php(1089): CodeIgniter\View\View->render('dashboard/index', Array, true)
#3 C:\laragon\www\adminComputo\app\Controllers\Dashboard.php(14): view('dashboard/index')
#4 C:\laragon\www\adminComputo\system\CodeIgniter.php(832): App\Controllers\Dashboard->index()
#5 C:\laragon\www\adminComputo\system\CodeIgniter.php(419): CodeIgniter\CodeIgniter->runController(Object(App\Controllers\Dashboard))
#6 C:\laragon\www\adminComputo\system\CodeIgniter.php(326): CodeIgniter\CodeIgniter->handleRequest(NULL, Object(Config\Cache), false)
#7 C:\laragon\www\adminComputo\public\index.php(37): CodeIgniter\CodeIgniter->run()
#8 {main}
CRITICAL - 2022-06-09 23:55:10 --> Function name must be a string
#0 C:\laragon\www\adminComputo\system\View\View.php(210): include()
#1 C:\laragon\www\adminComputo\system\View\View.php(213): CodeIgniter\View\View->CodeIgniter\View\{closure}()
#2 C:\laragon\www\adminComputo\system\Common.php(1089): CodeIgniter\View\View->render('dashboard/index', Array, true)
#3 C:\laragon\www\adminComputo\app\Controllers\Dashboard.php(14): view('dashboard/index')
#4 C:\laragon\www\adminComputo\system\CodeIgniter.php(832): App\Controllers\Dashboard->index()
#5 C:\laragon\www\adminComputo\system\CodeIgniter.php(419): CodeIgniter\CodeIgniter->runController(Object(App\Controllers\Dashboard))
#6 C:\laragon\www\adminComputo\system\CodeIgniter.php(326): CodeIgniter\CodeIgniter->handleRequest(NULL, Object(Config\Cache), false)
#7 C:\laragon\www\adminComputo\public\index.php(37): CodeIgniter\CodeIgniter->run()
#8 {main}
