CRITICAL - 2022-06-12 13:01:28 --> Invalid file: /dashboard.php
#0 C:\laragon\www\adminComputo\system\View\View.php(198): CodeIgniter\Exceptions\FrameworkException::forInvalidFile('/dashboard.php')
#1 C:\laragon\www\adminComputo\system\Common.php(1089): CodeIgniter\View\View->render('/dashboard', Array, true)
#2 C:\laragon\www\adminComputo\app\Controllers\Dashboard.php(45): view('/dashboard', Array)
#3 C:\laragon\www\adminComputo\system\CodeIgniter.php(832): App\Controllers\Dashboard->iniciarSesion()
#4 C:\laragon\www\adminComputo\system\CodeIgniter.php(419): CodeIgniter\CodeIgniter->runController(Object(App\Controllers\Dashboard))
#5 C:\laragon\www\adminComputo\system\CodeIgniter.php(326): CodeIgniter\CodeIgniter->handleRequest(NULL, Object(Config\Cache), false)
#6 C:\laragon\www\adminComputo\public\index.php(37): CodeIgniter\CodeIgniter->run()
#7 {main}
CRITICAL - 2022-06-12 13:02:03 --> Invalid file: /dashboard.php
#0 C:\laragon\www\adminComputo\system\View\View.php(198): CodeIgniter\Exceptions\FrameworkException::forInvalidFile('/dashboard.php')
#1 C:\laragon\www\adminComputo\system\Common.php(1089): CodeIgniter\View\View->render('/dashboard', Array, true)
#2 C:\laragon\www\adminComputo\app\Controllers\Dashboard.php(45): view('/dashboard', Array)
#3 C:\laragon\www\adminComputo\system\CodeIgniter.php(832): App\Controllers\Dashboard->iniciarSesion()
#4 C:\laragon\www\adminComputo\system\CodeIgniter.php(419): CodeIgniter\CodeIgniter->runController(Object(App\Controllers\Dashboard))
#5 C:\laragon\www\adminComputo\system\CodeIgniter.php(326): CodeIgniter\CodeIgniter->handleRequest(NULL, Object(Config\Cache), false)
#6 C:\laragon\www\adminComputo\public\index.php(37): CodeIgniter\CodeIgniter->run()
#7 {main}
CRITICAL - 2022-06-12 13:03:10 --> Invalid file: /dashboard.php
#0 C:\laragon\www\adminComputo\system\View\View.php(198): CodeIgniter\Exceptions\FrameworkException::forInvalidFile('/dashboard.php')
#1 C:\laragon\www\adminComputo\system\Common.php(1089): CodeIgniter\View\View->render('/dashboard', Array, true)
#2 C:\laragon\www\adminComputo\app\Controllers\Dashboard.php(47): view('/dashboard', Array)
#3 C:\laragon\www\adminComputo\system\CodeIgniter.php(832): App\Controllers\Dashboard->iniciarSesion()
#4 C:\laragon\www\adminComputo\system\CodeIgniter.php(419): CodeIgniter\CodeIgniter->runController(Object(App\Controllers\Dashboard))
#5 C:\laragon\www\adminComputo\system\CodeIgniter.php(326): CodeIgniter\CodeIgniter->handleRequest(NULL, Object(Config\Cache), false)
#6 C:\laragon\www\adminComputo\public\index.php(37): CodeIgniter\CodeIgniter->run()
#7 {main}
CRITICAL - 2022-06-12 13:03:26 --> Invalid file: /dashboard.php
#0 C:\laragon\www\adminComputo\system\View\View.php(198): CodeIgniter\Exceptions\FrameworkException::forInvalidFile('/dashboard.php')
#1 C:\laragon\www\adminComputo\system\Common.php(1089): CodeIgniter\View\View->render('/dashboard', Array, true)
#2 C:\laragon\www\adminComputo\app\Controllers\Dashboard.php(47): view('/dashboard', Array)
#3 C:\laragon\www\adminComputo\system\CodeIgniter.php(832): App\Controllers\Dashboard->iniciarSesion()
#4 C:\laragon\www\adminComputo\system\CodeIgniter.php(419): CodeIgniter\CodeIgniter->runController(Object(App\Controllers\Dashboard))
#5 C:\laragon\www\adminComputo\system\CodeIgniter.php(326): CodeIgniter\CodeIgniter->handleRequest(NULL, Object(Config\Cache), false)
#6 C:\laragon\www\adminComputo\public\index.php(37): CodeIgniter\CodeIgniter->run()
#7 {main}
CRITICAL - 2022-06-12 13:03:50 --> Invalid file: /dashboard.php
#0 C:\laragon\www\adminComputo\system\View\View.php(198): CodeIgniter\Exceptions\FrameworkException::forInvalidFile('/dashboard.php')
#1 C:\laragon\www\adminComputo\system\Common.php(1089): CodeIgniter\View\View->render('/dashboard', Array, true)
#2 C:\laragon\www\adminComputo\app\Controllers\Dashboard.php(46): view('/dashboard', Array)
#3 C:\laragon\www\adminComputo\system\CodeIgniter.php(832): App\Controllers\Dashboard->iniciarSesion()
#4 C:\laragon\www\adminComputo\system\CodeIgniter.php(419): CodeIgniter\CodeIgniter->runController(Object(App\Controllers\Dashboard))
#5 C:\laragon\www\adminComputo\system\CodeIgniter.php(326): CodeIgniter\CodeIgniter->handleRequest(NULL, Object(Config\Cache), false)
#6 C:\laragon\www\adminComputo\public\index.php(37): CodeIgniter\CodeIgniter->run()
#7 {main}
CRITICAL - 2022-06-12 13:05:07 --> Invalid file: /dashboard.php
#0 C:\laragon\www\adminComputo\system\View\View.php(198): CodeIgniter\Exceptions\FrameworkException::forInvalidFile('/dashboard.php')
#1 C:\laragon\www\adminComputo\system\Common.php(1089): CodeIgniter\View\View->render('/dashboard', Array, true)
#2 C:\laragon\www\adminComputo\app\Controllers\Dashboard.php(46): view('/dashboard')
#3 C:\laragon\www\adminComputo\system\CodeIgniter.php(832): App\Controllers\Dashboard->iniciarSesion()
#4 C:\laragon\www\adminComputo\system\CodeIgniter.php(419): CodeIgniter\CodeIgniter->runController(Object(App\Controllers\Dashboard))
#5 C:\laragon\www\adminComputo\system\CodeIgniter.php(326): CodeIgniter\CodeIgniter->handleRequest(NULL, Object(Config\Cache), false)
#6 C:\laragon\www\adminComputo\public\index.php(37): CodeIgniter\CodeIgniter->run()
#7 {main}
CRITICAL - 2022-06-12 13:05:22 --> Invalid file: /dashboard.php
#0 C:\laragon\www\adminComputo\system\View\View.php(198): CodeIgniter\Exceptions\FrameworkException::forInvalidFile('/dashboard.php')
#1 C:\laragon\www\adminComputo\system\Common.php(1089): CodeIgniter\View\View->render('/dashboard', Array, true)
#2 C:\laragon\www\adminComputo\app\Controllers\Dashboard.php(46): view('/dashboard')
#3 C:\laragon\www\adminComputo\system\CodeIgniter.php(832): App\Controllers\Dashboard->iniciarSesion()
#4 C:\laragon\www\adminComputo\system\CodeIgniter.php(419): CodeIgniter\CodeIgniter->runController(Object(App\Controllers\Dashboard))
#5 C:\laragon\www\adminComputo\system\CodeIgniter.php(326): CodeIgniter\CodeIgniter->handleRequest(NULL, Object(Config\Cache), false)
#6 C:\laragon\www\adminComputo\public\index.php(37): CodeIgniter\CodeIgniter->run()
#7 {main}
CRITICAL - 2022-06-12 13:06:33 --> Invalid file: /dashboard.php
#0 C:\laragon\www\adminComputo\system\View\View.php(198): CodeIgniter\Exceptions\FrameworkException::forInvalidFile('/dashboard.php')
#1 C:\laragon\www\adminComputo\system\Common.php(1089): CodeIgniter\View\View->render('/dashboard', Array, true)
#2 C:\laragon\www\adminComputo\app\Controllers\Dashboard.php(46): view('/dashboard')
#3 C:\laragon\www\adminComputo\system\CodeIgniter.php(832): App\Controllers\Dashboard->iniciarSesion()
#4 C:\laragon\www\adminComputo\system\CodeIgniter.php(419): CodeIgniter\CodeIgniter->runController(Object(App\Controllers\Dashboard))
#5 C:\laragon\www\adminComputo\system\CodeIgniter.php(326): CodeIgniter\CodeIgniter->handleRequest(NULL, Object(Config\Cache), false)
#6 C:\laragon\www\adminComputo\public\index.php(37): CodeIgniter\CodeIgniter->run()
#7 {main}
CRITICAL - 2022-06-12 13:06:52 --> Invalid file: /dashboard.php
#0 C:\laragon\www\adminComputo\system\View\View.php(198): CodeIgniter\Exceptions\FrameworkException::forInvalidFile('/dashboard.php')
#1 C:\laragon\www\adminComputo\system\Common.php(1089): CodeIgniter\View\View->render('/dashboard', Array, true)
#2 C:\laragon\www\adminComputo\app\Controllers\Dashboard.php(44): view('/dashboard')
#3 C:\laragon\www\adminComputo\system\CodeIgniter.php(832): App\Controllers\Dashboard->iniciarSesion()
#4 C:\laragon\www\adminComputo\system\CodeIgniter.php(419): CodeIgniter\CodeIgniter->runController(Object(App\Controllers\Dashboard))
#5 C:\laragon\www\adminComputo\system\CodeIgniter.php(326): CodeIgniter\CodeIgniter->handleRequest(NULL, Object(Config\Cache), false)
#6 C:\laragon\www\adminComputo\public\index.php(37): CodeIgniter\CodeIgniter->run()
#7 {main}
CRITICAL - 2022-06-12 13:07:14 --> Invalid file: /dashboard.php
#0 C:\laragon\www\adminComputo\system\View\View.php(198): CodeIgniter\Exceptions\FrameworkException::forInvalidFile('/dashboard.php')
#1 C:\laragon\www\adminComputo\system\Common.php(1089): CodeIgniter\View\View->render('/dashboard', Array, true)
#2 C:\laragon\www\adminComputo\app\Controllers\Dashboard.php(44): view('/dashboard', Array)
#3 C:\laragon\www\adminComputo\system\CodeIgniter.php(832): App\Controllers\Dashboard->iniciarSesion()
#4 C:\laragon\www\adminComputo\system\CodeIgniter.php(419): CodeIgniter\CodeIgniter->runController(Object(App\Controllers\Dashboard))
#5 C:\laragon\www\adminComputo\system\CodeIgniter.php(326): CodeIgniter\CodeIgniter->handleRequest(NULL, Object(Config\Cache), false)
#6 C:\laragon\www\adminComputo\public\index.php(37): CodeIgniter\CodeIgniter->run()
#7 {main}
CRITICAL - 2022-06-12 13:08:58 --> Undefined variable: var
#0 C:\laragon\www\adminComputo\app\Views\dashboard\index.php(6): CodeIgniter\Debug\Exceptions->errorHandler(8, 'Undefined varia...', 'C:\\laragon\\www\\...', 6, Array)
#1 C:\laragon\www\adminComputo\system\View\View.php(210): include('C:\\laragon\\www\\...')
#2 C:\laragon\www\adminComputo\system\View\View.php(213): CodeIgniter\View\View->CodeIgniter\View\{closure}()
#3 C:\laragon\www\adminComputo\system\Common.php(1089): CodeIgniter\View\View->render('dashboard/index', Array, true)
#4 C:\laragon\www\adminComputo\app\Controllers\Dashboard.php(14): view('dashboard/index')
#5 C:\laragon\www\adminComputo\system\CodeIgniter.php(832): App\Controllers\Dashboard->index()
#6 C:\laragon\www\adminComputo\system\CodeIgniter.php(419): CodeIgniter\CodeIgniter->runController(Object(App\Controllers\Dashboard))
#7 C:\laragon\www\adminComputo\system\CodeIgniter.php(326): CodeIgniter\CodeIgniter->handleRequest(NULL, Object(Config\Cache), false)
#8 C:\laragon\www\adminComputo\public\index.php(37): CodeIgniter\CodeIgniter->run()
#9 {main}
CRITICAL - 2022-06-12 13:09:11 --> Undefined variable: nombre
#0 C:\laragon\www\adminComputo\app\Views\dashboard\index.php(6): CodeIgniter\Debug\Exceptions->errorHandler(8, 'Undefined varia...', 'C:\\laragon\\www\\...', 6, Array)
#1 C:\laragon\www\adminComputo\system\View\View.php(210): include('C:\\laragon\\www\\...')
#2 C:\laragon\www\adminComputo\system\View\View.php(213): CodeIgniter\View\View->CodeIgniter\View\{closure}()
#3 C:\laragon\www\adminComputo\system\Common.php(1089): CodeIgniter\View\View->render('dashboard/index', Array, true)
#4 C:\laragon\www\adminComputo\app\Controllers\Dashboard.php(14): view('dashboard/index')
#5 C:\laragon\www\adminComputo\system\CodeIgniter.php(832): App\Controllers\Dashboard->index()
#6 C:\laragon\www\adminComputo\system\CodeIgniter.php(419): CodeIgniter\CodeIgniter->runController(Object(App\Controllers\Dashboard))
#7 C:\laragon\www\adminComputo\system\CodeIgniter.php(326): CodeIgniter\CodeIgniter->handleRequest(NULL, Object(Config\Cache), false)
#8 C:\laragon\www\adminComputo\public\index.php(37): CodeIgniter\CodeIgniter->run()
#9 {main}
CRITICAL - 2022-06-12 13:09:54 --> Undefined variable: nombre
#0 C:\laragon\www\adminComputo\app\Views\dashboard\index.php(6): CodeIgniter\Debug\Exceptions->errorHandler(8, 'Undefined varia...', 'C:\\laragon\\www\\...', 6, Array)
#1 C:\laragon\www\adminComputo\system\View\View.php(210): include('C:\\laragon\\www\\...')
#2 C:\laragon\www\adminComputo\system\View\View.php(213): CodeIgniter\View\View->CodeIgniter\View\{closure}()
#3 C:\laragon\www\adminComputo\system\Common.php(1089): CodeIgniter\View\View->render('dashboard/index', Array, true)
#4 C:\laragon\www\adminComputo\app\Controllers\Dashboard.php(14): view('dashboard/index')
#5 C:\laragon\www\adminComputo\system\CodeIgniter.php(832): App\Controllers\Dashboard->index()
#6 C:\laragon\www\adminComputo\system\CodeIgniter.php(419): CodeIgniter\CodeIgniter->runController(Object(App\Controllers\Dashboard))
#7 C:\laragon\www\adminComputo\system\CodeIgniter.php(326): CodeIgniter\CodeIgniter->handleRequest(NULL, Object(Config\Cache), false)
#8 C:\laragon\www\adminComputo\public\index.php(37): CodeIgniter\CodeIgniter->run()
#9 {main}
CRITICAL - 2022-06-12 13:14:41 --> Undefined variable: sesion
#0 C:\laragon\www\adminComputo\app\Views\dashboard\index.php(6): CodeIgniter\Debug\Exceptions->errorHandler(8, 'Undefined varia...', 'C:\\laragon\\www\\...', 6, Array)
#1 C:\laragon\www\adminComputo\system\View\View.php(210): include('C:\\laragon\\www\\...')
#2 C:\laragon\www\adminComputo\system\View\View.php(213): CodeIgniter\View\View->CodeIgniter\View\{closure}()
#3 C:\laragon\www\adminComputo\system\Common.php(1089): CodeIgniter\View\View->render('dashboard/index', Array, true)
#4 C:\laragon\www\adminComputo\app\Controllers\Dashboard.php(19): view('dashboard/index', Array)
#5 C:\laragon\www\adminComputo\system\CodeIgniter.php(832): App\Controllers\Dashboard->index()
#6 C:\laragon\www\adminComputo\system\CodeIgniter.php(419): CodeIgniter\CodeIgniter->runController(Object(App\Controllers\Dashboard))
#7 C:\laragon\www\adminComputo\system\CodeIgniter.php(326): CodeIgniter\CodeIgniter->handleRequest(NULL, Object(Config\Cache), false)
#8 C:\laragon\www\adminComputo\public\index.php(37): CodeIgniter\CodeIgniter->run()
#9 {main}
