CRITICAL - 2022-06-07 15:15:57 --> Undefined variable: datos
#0 C:\laragon\www\adminComputo\app\Views\dashboard\index.php(110): CodeIgniter\Debug\Exceptions->errorHandler(8, 'Undefined varia...', 'C:\\laragon\\www\\...', 110, Array)
#1 C:\laragon\www\adminComputo\system\View\View.php(210): include('C:\\laragon\\www\\...')
#2 C:\laragon\www\adminComputo\system\View\View.php(213): CodeIgniter\View\View->CodeIgniter\View\{closure}()
#3 C:\laragon\www\adminComputo\system\Common.php(1089): CodeIgniter\View\View->render('dashboard/index', Array, true)
#4 C:\laragon\www\adminComputo\app\Controllers\Dashboard.php(11): view('dashboard/index', Array)
#5 C:\laragon\www\adminComputo\system\CodeIgniter.php(832): App\Controllers\Dashboard->index()
#6 C:\laragon\www\adminComputo\system\CodeIgniter.php(419): CodeIgniter\CodeIgniter->runController(Object(App\Controllers\Dashboard))
#7 C:\laragon\www\adminComputo\system\CodeIgniter.php(326): CodeIgniter\CodeIgniter->handleRequest(NULL, Object(Config\Cache), false)
#8 C:\laragon\www\adminComputo\public\index.php(37): CodeIgniter\CodeIgniter->run()
#9 {main}
CRITICAL - 2022-06-07 15:16:38 --> Object of class CodeIgniter\Session\Session could not be converted to string
#0 C:\laragon\www\adminComputo\system\View\View.php(210): include()
#1 C:\laragon\www\adminComputo\system\View\View.php(213): CodeIgniter\View\View->CodeIgniter\View\{closure}()
#2 C:\laragon\www\adminComputo\system\Common.php(1089): CodeIgniter\View\View->render('dashboard/index', Array, true)
#3 C:\laragon\www\adminComputo\app\Controllers\Dashboard.php(11): view('dashboard/index', Array)
#4 C:\laragon\www\adminComputo\system\CodeIgniter.php(832): App\Controllers\Dashboard->index()
#5 C:\laragon\www\adminComputo\system\CodeIgniter.php(419): CodeIgniter\CodeIgniter->runController(Object(App\Controllers\Dashboard))
#6 C:\laragon\www\adminComputo\system\CodeIgniter.php(326): CodeIgniter\CodeIgniter->handleRequest(NULL, Object(Config\Cache), false)
#7 C:\laragon\www\adminComputo\public\index.php(37): CodeIgniter\CodeIgniter->run()
#8 {main}
CRITICAL - 2022-06-07 15:30:55 --> Object of class CodeIgniter\Session\Session could not be converted to string
#0 C:\laragon\www\adminComputo\system\View\View.php(210): include()
#1 C:\laragon\www\adminComputo\system\View\View.php(213): CodeIgniter\View\View->CodeIgniter\View\{closure}()
#2 C:\laragon\www\adminComputo\system\Common.php(1089): CodeIgniter\View\View->render('dashboard/index', Array, true)
#3 C:\laragon\www\adminComputo\app\Controllers\Dashboard.php(14): view('dashboard/index')
#4 C:\laragon\www\adminComputo\system\CodeIgniter.php(832): App\Controllers\Dashboard->index()
#5 C:\laragon\www\adminComputo\system\CodeIgniter.php(419): CodeIgniter\CodeIgniter->runController(Object(App\Controllers\Dashboard))
#6 C:\laragon\www\adminComputo\system\CodeIgniter.php(326): CodeIgniter\CodeIgniter->handleRequest(NULL, Object(Config\Cache), false)
#7 C:\laragon\www\adminComputo\public\index.php(37): CodeIgniter\CodeIgniter->run()
#8 {main}
CRITICAL - 2022-06-07 15:38:44 --> Invalid file: usuario/index.php
#0 C:\laragon\www\adminComputo\system\View\View.php(198): CodeIgniter\Exceptions\FrameworkException::forInvalidFile('usuario/index.p...')
#1 C:\laragon\www\adminComputo\system\Common.php(1089): CodeIgniter\View\View->render('usuario/index', Array, true)
#2 C:\laragon\www\adminComputo\app\Controllers\UserController.php(17): view('usuario/index')
#3 C:\laragon\www\adminComputo\system\CodeIgniter.php(832): App\Controllers\UserController->index()
#4 C:\laragon\www\adminComputo\system\CodeIgniter.php(419): CodeIgniter\CodeIgniter->runController(Object(App\Controllers\UserController))
#5 C:\laragon\www\adminComputo\system\CodeIgniter.php(326): CodeIgniter\CodeIgniter->handleRequest(NULL, Object(Config\Cache), false)
#6 C:\laragon\www\adminComputo\public\index.php(37): CodeIgniter\CodeIgniter->run()
#7 {main}
